<?xml version="1.0" encoding="UTF-8"?>
<!-- Generated by org.testng.reporters.JUnitReportReporter -->
<testsuite skipped="0" hostname="EN63124" name="com.endava.test.AddIT" tests="3" failures="0" timestamp="03 Aug 2017 13:43:37 GMT" time="0.016" errors="0">
  <testcase name="testLongAddition" time="0.000" classname="com.endava.test.AddIT"/>
  <testcase name="testIntegerAddition" time="0.000" classname="com.endava.test.AddIT"/>
  <testcase name="testDoubleAddition" time="0.016" classname="com.endava.test.AddIT"/>
</testsuite> <!-- com.endava.test.AddIT -->
