<?xml version="1.0" encoding="UTF-8"?>
<!-- Generated by org.testng.reporters.JUnitReportReporter -->
<testsuite skipped="0" hostname="EN63124" name="com.endava.test.FactorialTest" tests="1" failures="0" timestamp="03 Aug 2017 13:43:33 GMT" time="0.047" errors="0">
  <testcase name="testFactorial" time="0.047" classname="com.endava.test.FactorialTest"/>
</testsuite> <!-- com.endava.test.FactorialTest -->
